<?xml version="1.0" encoding="UTF-8"?>
<testsuite xmlns:xsi="http://www.w3.org/2001/XMLSchema-instance" xsi:noNamespaceSchemaLocation="https://maven.apache.org/surefire/maven-surefire-plugin/xsd/surefire-test-report-3.0.xsd" version="3.0" name="com.example.demo.RestaurantWeek4ApplicationTests" time="4.096" tests="1" errors="0" skipped="0" failures="0">
  <properties>
[...]
</properties>
  <testcase name="contextLoads" classname="com.example.demo.RestaurantWeek4ApplicationTests" time="0.475">
    <system-out><![CDATA[10:49:13.775 [main] INFO org.springframework.test.context.support.AnnotationConfigContextLoaderUtils -- Could not detect default configuration classes for test class [com.example.demo.RestaurantWeek4ApplicationTests]: RestaurantWeek4ApplicationTests does not declare any static, non-private, non-final, nested classes annotated with @Configuration.
10:49:13.854 [main] INFO org.springframework.boot.test.context.SpringBootTestContextBootstrapper -- Found @SpringBootConfiguration com.example.demo.RestaurantWeek4Application for test class com.example.demo.RestaurantWeek4ApplicationTests

  .   ____          _            __ _ _
 /\\ / ___'_ __ _ _(_)_ __  __ _ \ \ \ \
( ( )\___ | '_ | '_| | '_ \/ _` | \ \ \ \
 \\/  ___)| |_)| | | | | || (_| |  ) ) ) )
  '  |____| .__|_| |_|_| |_\__, | / / / /
 =========|_|==============|___/=/_/_/_/
 :: Spring Boot ::                (v3.2.3)

2026-03-07T10:49:14.220Z  INFO 4484 --- [RestaurantWeek4] [           main] c.e.d.RestaurantWeek4ApplicationTests    : Starting RestaurantWeek4ApplicationTests using Java 17.0.18 with PID 4484 (started by runner in /home/runner/work/CG_AdvanceJava/CG_AdvanceJava/RestaurantWeek4)
2026-03-07T10:49:14.222Z  INFO 4484 --- [RestaurantWeek4] [           main] c.e.d.RestaurantWeek4ApplicationTests    : No active profile set, falling back to 1 default profile: "default"
2026-03-07T10:49:14.820Z  INFO 4484 --- [RestaurantWeek4] [           main] .s.d.r.c.RepositoryConfigurationDelegate : Bootstrapping Spring Data JPA repositories in DEFAULT mode.
2026-03-07T10:49:14.869Z  INFO 4484 --- [RestaurantWeek4] [           main] .s.d.r.c.RepositoryConfigurationDelegate : Finished Spring Data repository scanning in 42 ms. Found 2 JPA repository interfaces.
2026-03-07T10:49:15.220Z  INFO 4484 --- [RestaurantWeek4] [           main] o.hibernate.jpa.internal.util.LogHelper  : HHH000204: Processing PersistenceUnitInfo [name: default]
2026-03-07T10:49:15.252Z  INFO 4484 --- [RestaurantWeek4] [           main] org.hibernate.Version                    : HHH000412: Hibernate ORM core version 6.4.4.Final
2026-03-07T10:49:15.279Z  INFO 4484 --- [RestaurantWeek4] [           main] o.h.c.internal.RegionFactoryInitiator    : HHH000026: Second-level cache disabled
2026-03-07T10:49:15.429Z  INFO 4484 --- [RestaurantWeek4] [           main] o.s.o.j.p.SpringPersistenceUnitInfo      : No LoadTimeWeaver setup: ignoring JPA class transformer
2026-03-07T10:49:15.447Z  INFO 4484 --- [RestaurantWeek4] [           main] com.zaxxer.hikari.HikariDataSource       : HikariPool-1 - Starting...
2026-03-07T10:49:15.594Z  INFO 4484 --- [RestaurantWeek4] [           main] com.zaxxer.hikari.pool.HikariPool        : HikariPool-1 - Added connection conn0: url=jdbc:h2:mem:testdb user=SA
2026-03-07T10:49:15.596Z  INFO 4484 --- [RestaurantWeek4] [           main] com.zaxxer.hikari.HikariDataSource       : HikariPool-1 - Start completed.
2026-03-07T10:49:16.393Z  INFO 4484 --- [RestaurantWeek4] [           main] o.h.e.t.j.p.i.JtaPlatformInitiator       : HHH000489: No JTA platform available (set 'hibernate.transaction.jta.platform' to enable JTA platform integration)
Hibernate: drop table if exists food_items cascade 
Hibernate: drop table if exists restaurants cascade 
Hibernate: create table food_items (price numeric(38,2), id bigint generated by default as identity, restaurant_id bigint not null, description varchar(255), name varchar(255) not null, primary key (id))
Hibernate: create table restaurants (id bigint generated by default as identity, address varchar(255), cuisine varchar(255), name varchar(255) not null, primary key (id))
Hibernate: alter table if exists food_items add constraint FK1f3re9f14rtkoyghyuhx3cv9l foreign key (restaurant_id) references restaurants
2026-03-07T10:49:16.436Z  INFO 4484 --- [RestaurantWeek4] [           main] j.LocalContainerEntityManagerFactoryBean : Initialized JPA EntityManagerFactory for persistence unit 'default'
2026-03-07T10:49:16.902Z  WARN 4484 --- [RestaurantWeek4] [           main] JpaBaseConfiguration$JpaWebConfiguration : spring.jpa.open-in-view is enabled by default. Therefore, database queries may be performed during view rendering. Explicitly configure spring.jpa.open-in-view to disable this warning
2026-03-07T10:49:17.197Z  INFO 4484 --- [RestaurantWeek4] [           main] o.s.b.a.h2.H2ConsoleAutoConfiguration    : H2 console available at '/h2-console'. Database available at 'jdbc:h2:mem:testdb'
2026-03-07T10:49:17.253Z  INFO 4484 --- [RestaurantWeek4] [           main] c.e.d.RestaurantWeek4ApplicationTests    : Started RestaurantWeek4ApplicationTests in 3.27 seconds (process running for 4.045)
]]></system-out>
  </testcase>
</testsuite>